::1 - - [18/Feb/2021:12:03:18 +0000] "POST /api/login HTTP/1.1" 200 5 "-" "PostmanRuntime/7.26.10"
::1 - - [18/Feb/2021:12:03:38 +0000] "POST /api/login HTTP/1.1" 200 5 "-" "PostmanRuntime/7.26.10"
::1 - - [18/Feb/2021:12:03:39 +0000] "POST /api/login HTTP/1.1" 200 5 "-" "PostmanRuntime/7.26.10"
::1 - - [18/Feb/2021:12:03:40 +0000] "POST /api/login HTTP/1.1" 200 5 "-" "PostmanRuntime/7.26.10"
::1 - - [18/Feb/2021:12:03:41 +0000] "POST /api/login HTTP/1.1" 200 5 "-" "PostmanRuntime/7.26.10"
::1 - - [18/Feb/2021:12:03:42 +0000] "POST /api/login HTTP/1.1" 200 5 "-" "PostmanRuntime/7.26.10"
::1 - - [18/Feb/2021:12:03:43 +0000] "POST /api/login HTTP/1.1" 200 5 "-" "PostmanRuntime/7.26.10"
::1 - - [18/Feb/2021:12:03:44 +0000] "POST /api/login HTTP/1.1" 200 5 "-" "PostmanRuntime/7.26.10"
::1 - - [18/Feb/2021:12:03:45 +0000] "POST /api/login HTTP/1.1" 200 5 "-" "PostmanRuntime/7.26.10"
::1 - - [18/Feb/2021:12:03:46 +0000] "POST /api/login HTTP/1.1" 200 5 "-" "PostmanRuntime/7.26.10"
::1 - - [18/Feb/2021:12:03:47 +0000] "POST /api/login HTTP/1.1" 200 5 "-" "PostmanRuntime/7.26.10"
::1 - - [18/Feb/2021:12:03:48 +0000] "POST /api/login HTTP/1.1" 200 5 "-" "PostmanRuntime/7.26.10"
::1 - - [18/Feb/2021:12:03:48 +0000] "POST /api/login HTTP/1.1" 200 5 "-" "PostmanRuntime/7.26.10"
::1 - - [18/Feb/2021:12:03:49 +0000] "POST /api/login HTTP/1.1" 200 5 "-" "PostmanRuntime/7.26.10"
::1 - - [18/Feb/2021:12:03:50 +0000] "POST /api/login HTTP/1.1" 200 5 "-" "PostmanRuntime/7.26.10"
::1 - - [18/Feb/2021:12:03:51 +0000] "POST /api/login HTTP/1.1" 200 5 "-" "PostmanRuntime/7.26.10"
::1 - - [18/Feb/2021:12:03:52 +0000] "POST /api/login HTTP/1.1" 200 5 "-" "PostmanRuntime/7.26.10"
::1 - - [18/Feb/2021:12:03:53 +0000] "POST /api/login HTTP/1.1" 200 5 "-" "PostmanRuntime/7.26.10"
::1 - - [18/Feb/2021:12:04:26 +0000] "POST /api/login HTTP/1.1" 200 5 "-" "PostmanRuntime/7.26.10"
::1 - - [18/Feb/2021:12:05:19 +0000] "POST /api/login HTTP/1.1" 200 5
::1 - - [18/Feb/2021:12:05:44 +0000] "POST /api/ HTTP/1.1" 404 144 "-" "PostmanRuntime/7.26.10"
::1 - - [18/Feb/2021:21:00:49 +0000] "GET /api/register HTTP/1.1" 404 151 "-" "PostmanRuntime/7.26.10"
::1 - - [18/Feb/2021:21:01:25 +0000] "GET /api/register HTTP/1.1" 404 151 "-" "PostmanRuntime/7.26.10"
::1 - - [18/Feb/2021:21:01:30 +0000] "POST /api/register HTTP/1.1" 200 298 "-" "PostmanRuntime/7.26.10"
::1 - - [18/Feb/2021:21:02:11 +0000] "POST /api/register HTTP/1.1" 200 298 "-" "PostmanRuntime/7.26.10"
::1 - - [18/Feb/2021:21:02:28 +0000] "POST /api/register HTTP/1.1" 200 298 "-" "PostmanRuntime/7.26.10"
::ffff:127.0.0.1 - - [18/Feb/2021:21:03:14 +0000] "POST /api/register HTTP/1.1" 200 298 "-" "PostmanRuntime/7.26.10"
::1 - - [18/Feb/2021:21:03:57 +0000] "POST /api/register HTTP/1.1" 200 298 "-" "PostmanRuntime/7.26.10"
::1 - - [18/Feb/2021:21:04:22 +0000] "POST /api/register HTTP/1.1" 200 298 "-" "PostmanRuntime/7.26.10"
::1 - - [18/Feb/2021:21:04:55 +0000] "POST /api/register HTTP/1.1" 200 298 "-" "PostmanRuntime/7.26.10"
::1 - - [18/Feb/2021:21:05:51 +0000] "POST /api/register HTTP/1.1" 200 298 "-" "PostmanRuntime/7.26.10"
::1 - - [18/Feb/2021:21:20:29 +0000] "POST /api/register HTTP/1.1" - - "-" "PostmanRuntime/7.26.10"
::1 - - [18/Feb/2021:21:20:43 +0000] "POST /api/register HTTP/1.1" - - "-" "PostmanRuntime/7.26.10"
::1 - - [18/Feb/2021:21:22:51 +0000] "POST /api/register HTTP/1.1" - - "-" "PostmanRuntime/7.26.10"
::1 - - [18/Feb/2021:21:23:40 +0000] "POST /api/register HTTP/1.1" - - "-" "PostmanRuntime/7.26.10"
::1 - - [18/Feb/2021:21:26:59 +0000] "POST /api/register HTTP/1.1" - - "-" "PostmanRuntime/7.26.10"
::1 - - [18/Feb/2021:21:28:05 +0000] "POST /api/register HTTP/1.1" - - "-" "PostmanRuntime/7.26.10"
::1 - - [18/Feb/2021:21:29:00 +0000] "POST /api/register HTTP/1.1" - - "-" "PostmanRuntime/7.26.10"
::1 - - [18/Feb/2021:21:30:04 +0000] "POST /api/register HTTP/1.1" - - "-" "PostmanRuntime/7.26.10"
::1 - - [18/Feb/2021:21:31:27 +0000] "POST /api/register HTTP/1.1" 200 27 "-" "PostmanRuntime/7.26.10"
::1 - - [19/Feb/2021:12:44:35 +0000] "POST /api/register HTTP/1.1" 200 1 "-" "PostmanRuntime/7.26.10"
::1 - - [19/Feb/2021:12:45:32 +0000] "POST /api/register HTTP/1.1" 200 1 "-" "PostmanRuntime/7.26.10"
::1 - - [19/Feb/2021:12:46:09 +0000] "POST /api/register HTTP/1.1" 200 60 "-" "PostmanRuntime/7.26.10"
::1 - - [19/Feb/2021:12:47:08 +0000] "POST /api/register HTTP/1.1" 200 61 "-" "PostmanRuntime/7.26.10"
::1 - - [19/Feb/2021:13:38:08 +0000] "POST /api/register HTTP/1.1" 200 61 "-" "PostmanRuntime/7.26.10"
::1 - - [19/Feb/2021:13:38:37 +0000] "POST /api/register HTTP/1.1" 200 30 "-" "PostmanRuntime/7.26.10"
::1 - - [19/Feb/2021:13:39:44 +0000] "POST /api/register HTTP/1.1" 200 37 "-" "PostmanRuntime/7.26.10"
::1 - - [19/Feb/2021:13:42:16 +0000] "POST /api/register HTTP/1.1" 200 86 "-" "PostmanRuntime/7.26.10"
::1 - - [19/Feb/2021:13:45:09 +0000] "POST /api/register HTTP/1.1" 200 85 "-" "PostmanRuntime/7.26.10"
::1 - - [19/Feb/2021:13:47:20 +0000] "POST /api/register HTTP/1.1" 200 85 "-" "PostmanRuntime/7.26.10"
::1 - - [19/Feb/2021:13:47:24 +0000] "POST /api/register HTTP/1.1" 200 82 "-" "PostmanRuntime/7.26.10"
::1 - - [19/Feb/2021:13:47:28 +0000] "POST /api/register HTTP/1.1" 200 82 "-" "PostmanRuntime/7.26.10"
::1 - - [19/Feb/2021:13:47:32 +0000] "POST /api/register HTTP/1.1" 200 82 "-" "PostmanRuntime/7.26.10"
::1 - - [19/Feb/2021:13:48:56 +0000] "POST /api/register HTTP/1.1" 200 82 "-" "PostmanRuntime/7.26.10"
::1 - - [19/Feb/2021:13:49:04 +0000] "POST /api/register HTTP/1.1" 200 70 "-" "PostmanRuntime/7.26.10"
::1 - - [19/Feb/2021:18:21:55 +0000] "GET /api/register HTTP/1.1" 404 151 "-" "PostmanRuntime/7.26.10"
::1 - - [19/Feb/2021:18:22:03 +0000] "POST /api/register HTTP/1.1" 200 85 "-" "PostmanRuntime/7.26.10"
::1 - - [19/Feb/2021:18:23:02 +0000] "POST /api/register HTTP/1.1" 200 85 "-" "PostmanRuntime/7.26.10"
::1 - - [19/Feb/2021:18:23:42 +0000] "POST /api/register HTTP/1.1" 200 85 "-" "PostmanRuntime/7.26.10"
::1 - - [19/Feb/2021:18:23:52 +0000] "POST /api/register HTTP/1.1" 200 85 "-" "PostmanRuntime/7.26.10"
::1 - - [19/Feb/2021:18:23:59 +0000] "POST /api/register HTTP/1.1" 200 85 "-" "PostmanRuntime/7.26.10"
::1 - - [19/Feb/2021:18:24:06 +0000] "POST /api/register HTTP/1.1" 200 85 "-" "PostmanRuntime/7.26.10"
::1 - - [19/Feb/2021:18:24:21 +0000] "POST /api/register HTTP/1.1" 200 85 "-" "PostmanRuntime/7.26.10"
::1 - - [19/Feb/2021:18:28:01 +0000] "POST /api/register HTTP/1.1" 200 82 "-" "PostmanRuntime/7.26.10"
::1 - - [19/Feb/2021:18:28:08 +0000] "POST /api/register HTTP/1.1" 200 85 "-" "PostmanRuntime/7.26.10"
::1 - - [19/Feb/2021:18:28:19 +0000] "POST /api/register HTTP/1.1" 200 85 "-" "PostmanRuntime/7.26.10"
::1 - - [19/Feb/2021:18:28:33 +0000] "POST /api/register HTTP/1.1" 200 85 "-" "PostmanRuntime/7.26.10"
::1 - - [19/Feb/2021:18:28:37 +0000] "POST /api/register HTTP/1.1" 200 82 "-" "PostmanRuntime/7.26.10"
::1 - - [19/Feb/2021:18:29:06 +0000] "POST /api/register HTTP/1.1" 200 85 "-" "PostmanRuntime/7.26.10"
::1 - - [19/Feb/2021:18:29:11 +0000] "POST /api/register HTTP/1.1" 200 82 "-" "PostmanRuntime/7.26.10"
::1 - - [19/Feb/2021:18:29:16 +0000] "POST /api/register HTTP/1.1" 200 85 "-" "PostmanRuntime/7.26.10"
::1 - - [19/Feb/2021:18:29:19 +0000] "POST /api/register HTTP/1.1" 200 82 "-" "PostmanRuntime/7.26.10"
::1 - - [19/Feb/2021:18:29:27 +0000] "POST /api/register HTTP/1.1" 200 85 "-" "PostmanRuntime/7.26.10"
::1 - - [19/Feb/2021:18:29:29 +0000] "POST /api/register HTTP/1.1" 200 82 "-" "PostmanRuntime/7.26.10"
::1 - - [19/Feb/2021:18:29:34 +0000] "POST /api/register HTTP/1.1" 200 85 "-" "PostmanRuntime/7.26.10"
::1 - - [19/Feb/2021:18:29:38 +0000] "POST /api/register HTTP/1.1" 200 82 "-" "PostmanRuntime/7.26.10"
::1 - - [19/Feb/2021:18:29:41 +0000] "POST /api/register HTTP/1.1" 200 85 "-" "PostmanRuntime/7.26.10"
::1 - - [19/Feb/2021:18:30:09 +0000] "POST /api/register HTTP/1.1" 200 82 "-" "PostmanRuntime/7.26.10"
::1 - - [19/Feb/2021:18:30:15 +0000] "POST /api/register HTTP/1.1" 200 85 "-" "PostmanRuntime/7.26.10"
::1 - - [19/Feb/2021:18:30:53 +0000] "POST /api/register HTTP/1.1" 200 82 "-" "PostmanRuntime/7.26.10"
::1 - - [19/Feb/2021:18:30:57 +0000] "POST /api/register HTTP/1.1" 200 85 "-" "PostmanRuntime/7.26.10"
::1 - - [19/Feb/2021:18:31:32 +0000] "POST /api/register HTTP/1.1" 200 82 "-" "PostmanRuntime/7.26.10"
::1 - - [19/Feb/2021:18:31:41 +0000] "POST /api/register HTTP/1.1" 200 85 "-" "PostmanRuntime/7.26.10"
::1 - - [19/Feb/2021:18:32:12 +0000] "POST /api/register HTTP/1.1" 200 82 "-" "PostmanRuntime/7.26.10"
::1 - - [19/Feb/2021:18:32:24 +0000] "POST /api/register HTTP/1.1" 200 85 "-" "PostmanRuntime/7.26.10"
::1 - - [19/Feb/2021:18:38:08 +0000] "POST /api/register HTTP/1.1" 200 82 "-" "PostmanRuntime/7.26.10"
::1 - - [19/Feb/2021:18:38:13 +0000] "POST /api/register HTTP/1.1" 200 85 "-" "PostmanRuntime/7.26.10"
::1 - - [19/Feb/2021:18:53:28 +0000] "POST /api/register HTTP/1.1" 200 82 "-" "PostmanRuntime/7.26.10"
::1 - - [19/Feb/2021:18:53:30 +0000] "POST /api/register HTTP/1.1" 200 85 "-" "PostmanRuntime/7.26.10"
::1 - - [19/Feb/2021:18:54:10 +0000] "POST /api/register HTTP/1.1" 500 155 "-" "PostmanRuntime/7.26.10"
::1 - - [19/Feb/2021:18:55:06 +0000] "POST /api/register HTTP/1.1" 200 82 "-" "PostmanRuntime/7.26.10"
::1 - - [19/Feb/2021:18:55:11 +0000] "POST /api/register HTTP/1.1" 200 82 "-" "PostmanRuntime/7.26.10"
::1 - - [19/Feb/2021:18:55:12 +0000] "POST /api/register HTTP/1.1" 200 82 "-" "PostmanRuntime/7.26.10"
::1 - - [19/Feb/2021:18:55:13 +0000] "POST /api/register HTTP/1.1" 200 82 "-" "PostmanRuntime/7.26.10"
::1 - - [19/Feb/2021:18:55:14 +0000] "POST /api/register HTTP/1.1" 200 82 "-" "PostmanRuntime/7.26.10"
::1 - - [19/Feb/2021:18:55:15 +0000] "POST /api/register HTTP/1.1" 200 82 "-" "PostmanRuntime/7.26.10"
::1 - - [19/Feb/2021:18:55:16 +0000] "POST /api/register HTTP/1.1" 200 82 "-" "PostmanRuntime/7.26.10"
::1 - - [19/Feb/2021:18:55:17 +0000] "POST /api/register HTTP/1.1" 200 82 "-" "PostmanRuntime/7.26.10"
::1 - - [19/Feb/2021:18:55:26 +0000] "POST /api/register HTTP/1.1" 200 85 "-" "PostmanRuntime/7.26.10"
::1 - - [19/Feb/2021:18:55:28 +0000] "POST /api/register HTTP/1.1" 200 85 "-" "PostmanRuntime/7.26.10"
::1 - - [19/Feb/2021:18:55:29 +0000] "POST /api/register HTTP/1.1" 200 85 "-" "PostmanRuntime/7.26.10"
::1 - - [19/Feb/2021:18:55:30 +0000] "POST /api/register HTTP/1.1" 200 85 "-" "PostmanRuntime/7.26.10"
::1 - - [19/Feb/2021:18:55:31 +0000] "POST /api/register HTTP/1.1" 200 85 "-" "PostmanRuntime/7.26.10"
::1 - - [19/Feb/2021:18:55:34 +0000] "POST /api/register HTTP/1.1" 200 82 "-" "PostmanRuntime/7.26.10"
::1 - - [19/Feb/2021:18:55:34 +0000] "POST /api/register HTTP/1.1" 200 82 "-" "PostmanRuntime/7.26.10"
::1 - - [19/Feb/2021:18:55:35 +0000] "POST /api/register HTTP/1.1" 200 82 "-" "PostmanRuntime/7.26.10"
::1 - - [19/Feb/2021:18:55:52 +0000] "POST /api/register HTTP/1.1" 200 70 "-" "PostmanRuntime/7.26.10"
::1 - - [19/Feb/2021:18:57:18 +0000] "POST /api/register HTTP/1.1" 200 70 "-" "PostmanRuntime/7.26.10"
::1 - - [19/Feb/2021:18:58:03 +0000] "POST /api/register HTTP/1.1" 200 82 "-" "PostmanRuntime/7.26.10"
::1 - - [19/Feb/2021:18:59:50 +0000] "POST /api/register HTTP/1.1" 200 82 "-" "PostmanRuntime/7.26.10"
::1 - - [19/Feb/2021:18:59:55 +0000] "POST /api/register HTTP/1.1" 200 70 "-" "PostmanRuntime/7.26.10"
::1 - - [19/Feb/2021:19:00:30 +0000] "POST /api/register HTTP/1.1" 200 86 "-" "PostmanRuntime/7.26.10"
::1 - - [19/Feb/2021:19:00:40 +0000] "POST /api/register HTTP/1.1" 200 70 "-" "PostmanRuntime/7.26.10"
::1 - - [19/Feb/2021:19:02:17 +0000] "POST /api/register HTTP/1.1" 200 86 "-" "PostmanRuntime/7.26.10"
::1 - - [19/Feb/2021:19:03:22 +0000] "POST /api/register HTTP/1.1" 200 86 "-" "PostmanRuntime/7.26.10"
::1 - - [19/Feb/2021:19:40:12 +0000] "POST /api/login HTTP/1.1" - - "-" "PostmanRuntime/7.26.10"
::1 - - [19/Feb/2021:19:40:17 +0000] "POST /api/auth HTTP/1.1" 404 148 "-" "PostmanRuntime/7.26.10"
::1 - - [19/Feb/2021:19:40:33 +0000] "POST /api/login HTTP/1.1" - - "-" "PostmanRuntime/7.26.10"
::1 - - [19/Feb/2021:19:44:25 +0000] "POST /api/login HTTP/1.1" 500 72 "-" "PostmanRuntime/7.26.10"
::1 - - [19/Feb/2021:19:44:35 +0000] "POST /api/login HTTP/1.1" 500 72 "-" "PostmanRuntime/7.26.10"
::1 - - [19/Feb/2021:19:44:59 +0000] "POST /api/login HTTP/1.1" 200 56 "-" "PostmanRuntime/7.26.10"
::1 - - [19/Feb/2021:19:49:40 +0000] "POST /api/login HTTP/1.1" 200 60 "-" "PostmanRuntime/7.26.10"
::1 - - [19/Feb/2021:19:50:04 +0000] "POST /api/register HTTP/1.1" 200 86 "-" "PostmanRuntime/7.26.10"
::1 - - [19/Feb/2021:19:50:11 +0000] "POST /api/register HTTP/1.1" 200 81 "-" "PostmanRuntime/7.26.10"
::1 - - [19/Feb/2021:19:50:19 +0000] "POST /api/login HTTP/1.1" 200 60 "-" "PostmanRuntime/7.26.10"
::1 - - [19/Feb/2021:19:50:49 +0000] "POST /api/login HTTP/1.1" 200 60 "-" "PostmanRuntime/7.26.10"
::1 - - [19/Feb/2021:19:51:43 +0000] "POST /api/register HTTP/1.1" 200 70 "-" "PostmanRuntime/7.26.10"
::1 - - [19/Feb/2021:19:56:42 +0000] "POST /api/login HTTP/1.1" 200 195 "-" "PostmanRuntime/7.26.10"
::1 - - [19/Feb/2021:19:57:30 +0000] "POST /api/login HTTP/1.1" 200 205 "-" "PostmanRuntime/7.26.10"
::1 - - [19/Feb/2021:20:32:57 +0000] "POST /api/login HTTP/1.1" 200 205 "-" "PostmanRuntime/7.26.10"
::1 - - [19/Feb/2021:20:33:22 +0000] "POST /api/login HTTP/1.1" 200 205 "-" "PostmanRuntime/7.26.10"
::1 - - [19/Feb/2021:20:34:15 +0000] "POST /api/login HTTP/1.1" 200 205 "-" "PostmanRuntime/7.26.10"
::1 - - [19/Feb/2021:20:36:07 +0000] "POST /api/login HTTP/1.1" 200 205 "-" "PostmanRuntime/7.26.10"
::1 - - [19/Feb/2021:20:57:40 +0000] "POST /api/getuserinfo HTTP/1.1" 200 57 "-" "PostmanRuntime/7.26.10"
::1 - - [19/Feb/2021:20:57:51 +0000] "POST /api/login HTTP/1.1" 200 205 "-" "PostmanRuntime/7.26.10"
::1 - - [19/Feb/2021:20:58:07 +0000] "POST /api/getuserinfo HTTP/1.1" 200 57 "-" "PostmanRuntime/7.26.10"
::1 - - [19/Feb/2021:20:58:52 +0000] "POST /api/getuserinfo HTTP/1.1" 200 57 "-" "PostmanRuntime/7.26.10"
::1 - - [19/Feb/2021:20:59:21 +0000] "POST /api/getuserinfo HTTP/1.1" 200 65 "-" "PostmanRuntime/7.26.10"
::1 - - [19/Feb/2021:21:00:32 +0000] "POST /api/getuserinfo HTTP/1.1" 200 65 "-" "PostmanRuntime/7.26.10"
::1 - - [19/Feb/2021:21:00:46 +0000] "POST /api/getuserinfo HTTP/1.1" 200 65 "-" "PostmanRuntime/7.26.10"
::1 - - [19/Feb/2021:21:01:15 +0000] "POST /api/getuserinfo HTTP/1.1" 200 191 "-" "PostmanRuntime/7.26.10"
::1 - - [19/Feb/2021:21:16:11 +0000] "POST /api/getuserinfo HTTP/1.1" 200 73 "-" "PostmanRuntime/7.26.10"
::1 - - [19/Feb/2021:21:16:35 +0000] "POST /api/getuserinfo HTTP/1.1" 200 73 "-" "PostmanRuntime/7.26.10"
::1 - - [19/Feb/2021:21:17:06 +0000] "POST /api/getuserinfo HTTP/1.1" 200 73 "-" "PostmanRuntime/7.26.10"
